<?xml version="1.0" encoding="UTF-8"?>
<testsuite name="Add New Line flow"
           tests="1"
           failures="1"
           errors="0"
           skipped="0"
           time="0.050">
  <properties />
            <testcase name="QA_5574_VerizonNonEdgeWithDeposit on [AddNewLineTests passed=0 failed=0 skipped=0]" time="0.050" classname="verizon.tests.AddNewLineTests">
                <failure type="org.openqa.selenium.NoSuchElementException"
                  message="Unable to locate element: {&quot;method&quot;:&quot;css selector&quot;,&quot;selector&quot;:&quot;body&quot;}
Command duration or timeout: 15 milliseconds
For documentation on this error, please visit: http://seleniumhq.org/exceptions/no_such_element.html
Build info: version: &apos;2.44.0&apos;, revision: &apos;76d78cf323ce037c5f92db6c1bba601c2ac43ad8&apos;, time: &apos;2014-10-23 13:11:40&apos;
System info: host: &apos;INBELWA00461A&apos;, ip: &apos;10.113.127.229&apos;, os.name: &apos;Windows 8.1&apos;, os.arch: &apos;amd64&apos;, os.version: &apos;6.3&apos;, java.version: &apos;1.8.0_45&apos;
Driver info: org.openqa.selenium.firefox.FirefoxDriver
Capabilities [{applicationCacheEnabled=true, rotatable=false, handlesAlerts=true, databaseEnabled=true, version=30.0, platform=WINDOWS, browserConnectionEnabled=true, nativeEvents=false, acceptSslCerts=true, webStorageEnabled=true, locationContextEnabled=true, browserName=firefox, takesScreenshot=true, javascriptEnabled=true, cssSelectorsEnabled=true}]
Session ID: b5a3659d-5e73-4305-9803-2f8ddc6ffa57"
              >
<![CDATA[org.openqa.selenium.NoSuchElementException: Unable to locate element: {"method":"css selector","selector":"body"}
Command duration or timeout: 15 milliseconds
For documentation on this error, please visit: http://seleniumhq.org/exceptions/no_such_element.html
Build info: version: '2.44.0', revision: '76d78cf323ce037c5f92db6c1bba601c2ac43ad8', time: '2014-10-23 13:11:40'
System info: host: 'INBELWA00461A', ip: '10.113.127.229', os.name: 'Windows 8.1', os.arch: 'amd64', os.version: '6.3', java.version: '1.8.0_45'
Driver info: org.openqa.selenium.firefox.FirefoxDriver
Capabilities [{applicationCacheEnabled=true, rotatable=false, handlesAlerts=true, databaseEnabled=true, version=30.0, platform=WINDOWS, browserConnectionEnabled=true, nativeEvents=false, acceptSslCerts=true, webStorageEnabled=true, locationContextEnabled=true, browserName=firefox, takesScreenshot=true, javascriptEnabled=true, cssSelectorsEnabled=true}]
Session ID: b5a3659d-5e73-4305-9803-2f8ddc6ffa57
  sun.reflect.NativeConstructorAccessorImpl.newInstance0(Native Method)
  sun.reflect.NativeConstructorAccessorImpl.newInstance(NativeConstructorAccessorImpl.java:62)
  sun.reflect.DelegatingConstructorAccessorImpl.newInstance(DelegatingConstructorAccessorImpl.java:45)
  java.lang.reflect.Constructor.newInstance(Constructor.java:422)
  org.openqa.selenium.remote.ErrorHandler.createThrowable(ErrorHandler.java:204)
  org.openqa.selenium.remote.ErrorHandler.throwIfResponseFailed(ErrorHandler.java:156)
  org.openqa.selenium.remote.RemoteWebDriver.execute(RemoteWebDriver.java:599)
  org.openqa.selenium.remote.RemoteWebDriver.findElement(RemoteWebDriver.java:352)
  org.openqa.selenium.remote.RemoteWebDriver.findElementByCssSelector(RemoteWebDriver.java:441)
  org.openqa.selenium.By$ByCssSelector.findElement(By.java:425)
  org.openqa.selenium.remote.RemoteWebDriver.findElement(RemoteWebDriver.java:344)
  framework.InventoryManagementBaseClass.launchInventoryInNewTab(InventoryManagementBaseClass.java:72)
  verizon.tests.AddNewLineTests.QA_5574_VerizonNonEdgeWithDeposit(AddNewLineTests.java:310)
  sun.reflect.NativeMethodAccessorImpl.invoke0(Native Method)
  sun.reflect.NativeMethodAccessorImpl.invoke(NativeMethodAccessorImpl.java:62)
  sun.reflect.DelegatingMethodAccessorImpl.invoke(DelegatingMethodAccessorImpl.java:43)
  java.lang.reflect.Method.invoke(Method.java:497)
  org.testng.internal.MethodInvocationHelper.invokeMethod(MethodInvocationHelper.java:85)
  org.testng.internal.Invoker.invokeMethod(Invoker.java:639)
  org.testng.internal.Invoker.invokeTestMethod(Invoker.java:821)
  org.testng.internal.Invoker.invokeTestMethods(Invoker.java:1131)
  org.testng.internal.TestMethodWorker.invokeTestMethods(TestMethodWorker.java:124)
  org.testng.internal.TestMethodWorker.run(TestMethodWorker.java:108)
  java.util.concurrent.ThreadPoolExecutor.runWorker(ThreadPoolExecutor.java:1142)
  java.util.concurrent.ThreadPoolExecutor$Worker.run(ThreadPoolExecutor.java:617)
  java.lang.Thread.run(Thread.java:745)
Caused by: org.openqa.selenium.NoSuchElementException: Unable to locate element: {"method":"css selector","selector":"body"}
For documentation on this error, please visit: http://seleniumhq.org/exceptions/no_such_element.html
Build info: version: '2.44.0', revision: '76d78cf323ce037c5f92db6c1bba601c2ac43ad8', time: '2014-10-23 13:11:40'
System info: host: 'INBELWA00461A', ip: '10.113.127.229', os.name: 'Windows 8.1', os.arch: 'amd64', os.version: '6.3', java.version: '1.8.0_45'
Driver info: driver.version: unknown
  <anonymous class>.FirefoxDriver.prototype.findElementInternal_(file:///C:/Users/MRITUN~1/AppData/Local/Temp/anonymous3710453931465171881webdriver-profile/extensions/fxdriver@googlecode.com/components/driver-component.js:9641:7)
  <anonymous class>.FirefoxDriver.prototype.findElement(file:///C:/Users/MRITUN~1/AppData/Local/Temp/anonymous3710453931465171881webdriver-profile/extensions/fxdriver@googlecode.com/components/driver-component.js:9650:3)
  <anonymous class>.DelayedCommand.prototype.executeInternal_/h(file:///C:/Users/MRITUN~1/AppData/Local/Temp/anonymous3710453931465171881webdriver-profile/extensions/fxdriver@googlecode.com/components/command-processor.js:11635:11)
  <anonymous class>.DelayedCommand.prototype.executeInternal_(file:///C:/Users/MRITUN~1/AppData/Local/Temp/anonymous3710453931465171881webdriver-profile/extensions/fxdriver@googlecode.com/components/command-processor.js:11640:7)
  <anonymous class>.DelayedCommand.prototype.execute/<(file:///C:/Users/MRITUN~1/AppData/Local/Temp/anonymous3710453931465171881webdriver-profile/extensions/fxdriver@googlecode.com/components/command-processor.js:11582:5)
]]>
      </failure>

          </testcase>
  
  
  
</testsuite>
